<?xml version="1.0" encoding="UTF-8"?><testsuite failures="0" name="cucumber.runtime.formatter.JUnitFormatter" skipped="0" tests="5" time="209.954194">
<testcase classname="Creation of notes" name="Log out" time="87.523309">
<system-out><![CDATA[Given the Evernote Home page is loaded......................................passed
And an existing account is logged in to.....................................passed
When a note is created with title 'Sample title' and body 'This is some body text'.passed
Then the note with title 'Sample title' and date 'moments ago' is available in the list of notes.passed
When the account is logged out from.........................................passed
]]></system-out>
</testcase>
<testcase classname="Creation of notes" name="Log out" time="33.330369">
<system-out><![CDATA[Given the Evernote Home page is loaded......................................passed
And an existing account is logged in to.....................................passed
When a note is created with title 'Sample title' and body 'This is some body text'.passed
Then the note with title 'Sample title' and date 'moments ago' is available in the list of notes.passed
When the account is logged out from.........................................passed
]]></system-out>
</testcase>
<testcase classname="Creation of notes" name="Log out" time="29.780969">
<system-out><![CDATA[Given the Evernote Home page is loaded......................................passed
And an existing account is logged in to.....................................passed
When a note is created with title 'Sample title' and body 'This is some body text'.passed
Then the note with title 'Sample title' and date 'moments ago' is available in the list of notes.passed
When the account is logged out from.........................................passed
]]></system-out>
</testcase>
<testcase classname="Creation of notes" name="Log out" time="29.91483">
<system-out><![CDATA[Given the Evernote Home page is loaded......................................passed
And an existing account is logged in to.....................................passed
When a note is created with title 'Sample title' and body 'This is some body text'.passed
Then the note with title 'Sample title' and date 'moments ago' is available in the list of notes.passed
When the account is logged out from.........................................passed
]]></system-out>
</testcase>
<testcase classname="Creation of notes" name="Log out" time="29.404717">
<system-out><![CDATA[Given the Evernote Home page is loaded......................................passed
And an existing account is logged in to.....................................passed
When a note is created with title 'Sample title' and body 'This is some body text'.passed
Then the note with title 'Sample title' and date 'moments ago' is available in the list of notes.passed
When the account is logged out from.........................................passed
]]></system-out>
</testcase>
</testsuite>
