<?xml version="1.0" encoding="UTF-8"?><testsuite failures="0" name="cucumber.runtime.formatter.JUnitFormatter" skipped="0" tests="1" time="77.897203">
<testcase classname="Creation of notes" name="Create a note" time="77.897203">
<system-out><![CDATA[Given the Evernote Home page is loaded......................................passed
And an existing account is logged in to.....................................passed
When a note with title 'Sample title' and body 'This is some body text' is created.passed
Then the note with title 'Sample title' and date 'moments ago' is available in the list of notes.passed
When the account is logged out from.........................................passed
And the Evernote Login page is loaded.......................................passed
And the existing account is logged in to....................................passed
Then the note with title 'Sample title' and date 'NOTE_DATE_PLACEHOLDER' is still available in the list of notes.passed
]]></system-out>
</testcase>
</testsuite>
